TN:
SF:index.js
FN:26,(anonymous_0)
FN:41,(anonymous_1)
FNF:2
FNH:1
FNDA:48,(anonymous_0)
FNDA:0,(anonymous_1)
DA:15,3
DA:17,3
DA:18,3
DA:19,3
DA:20,3
DA:21,3
DA:23,3
DA:27,48
DA:32,3
DA:34,3
DA:36,3
DA:40,3
DA:41,0
DA:42,0
LF:14
LH:12
BRDA:36,0,0,3
BRDA:36,0,1,0
BRDA:40,1,0,0
BRDA:40,1,1,3
BRDA:40,2,0,3
BRDA:40,2,1,3
BRF:6
BRH:4
end_of_record
TN:
SF:config/mongo.js
FN:6,(anonymous_0)
FNF:1
FNH:1
FNDA:3,(anonymous_0)
DA:4,3
DA:6,3
DA:7,3
DA:8,3
DA:9,3
DA:10,3
DA:12,0
DA:13,0
LF:8
LH:6
BRDA:8,0,0,0
BRDA:8,0,1,3
BRF:2
BRH:1
end_of_record
TN:
SF:config/mysql.js
FN:15,(anonymous_0)
FNF:1
FNH:0
FNDA:0,(anonymous_0)
DA:6,3
DA:8,3
DA:9,3
DA:10,3
DA:11,3
DA:13,3
DA:15,3
DA:16,0
DA:17,0
DA:18,0
DA:20,0
LF:11
LH:7
BRF:0
BRH:0
end_of_record
TN:
SF:controllers/auth.js
FN:10,(anonymous_0)
FN:26,(anonymous_1)
FN:46,(anonymous_2)
FNF:3
FNH:3
FNDA:3,(anonymous_0)
FNDA:1,(anonymous_1)
FNDA:3,(anonymous_2)
DA:10,3
DA:11,3
DA:12,3
DA:13,3
DA:15,0
DA:19,3
DA:26,3
DA:27,1
DA:28,1
DA:29,1
DA:30,1
DA:31,1
DA:33,1
DA:34,1
DA:35,1
DA:37,0
DA:46,3
DA:47,3
DA:48,3
DA:49,3
DA:51,3
DA:52,1
DA:53,1
DA:56,2
DA:57,2
DA:59,2
DA:60,1
DA:61,1
DA:64,1
DA:66,1
DA:68,1
DA:70,0
LF:32
LH:29
BRDA:51,0,0,1
BRDA:51,0,1,2
BRDA:59,1,0,1
BRDA:59,1,1,1
BRF:4
BRH:4
end_of_record
TN:
SF:controllers/storages.js
FN:9,(anonymous_0)
FN:28,(anonymous_1)
FN:42,(anonymous_2)
FN:57,(anonymous_3)
FN:74,(anonymous_4)
FN:90,(anonymous_5)
FNF:6
FNH:5
FNDA:3,(anonymous_0)
FNDA:1,(anonymous_1)
FNDA:1,(anonymous_2)
FNDA:1,(anonymous_3)
FNDA:0,(anonymous_4)
FNDA:1,(anonymous_5)
DA:9,3
DA:10,3
DA:11,3
DA:12,3
DA:14,0
DA:18,3
DA:19,3
DA:21,3
DA:28,3
DA:29,1
DA:30,1
DA:31,1
DA:33,0
DA:42,3
DA:43,1
DA:44,1
DA:45,1
DA:46,1
DA:48,0
DA:57,3
DA:58,1
DA:59,1
DA:64,1
DA:65,1
DA:66,1
DA:74,3
DA:75,0
DA:76,0
DA:77,0
DA:78,0
DA:79,0
DA:81,0
DA:90,3
DA:91,1
DA:92,1
DA:93,1
DA:94,1
DA:97,1
DA:98,1
DA:100,0
LF:40
LH:30
BRF:0
BRH:0
end_of_record
TN:
SF:controllers/tracks.js
FN:9,(anonymous_0)
FN:25,(anonymous_1)
FN:39,(anonymous_2)
FN:54,(anonymous_3)
FN:69,(anonymous_4)
FN:84,(anonymous_5)
FNF:6
FNH:5
FNDA:3,(anonymous_0)
FNDA:1,(anonymous_1)
FNDA:1,(anonymous_2)
FNDA:1,(anonymous_3)
FNDA:0,(anonymous_4)
FNDA:1,(anonymous_5)
DA:9,3
DA:10,3
DA:11,3
DA:12,3
DA:14,0
DA:18,3
DA:25,3
DA:26,1
DA:27,1
DA:28,1
DA:30,0
DA:39,3
DA:40,1
DA:41,1
DA:42,1
DA:43,1
DA:45,0
DA:54,3
DA:55,1
DA:56,1
DA:57,1
DA:58,1
DA:60,0
DA:69,3
DA:70,0
DA:71,0
DA:72,0
DA:73,0
DA:75,0
DA:84,3
DA:85,1
DA:86,1
DA:87,1
DA:88,1
DA:90,0
LF:35
LH:25
BRF:0
BRH:0
end_of_record
TN:
SF:controllers/users.js
FN:10,(anonymous_0)
FN:26,(anonymous_1)
FN:29,(anonymous_2)
FN:43,(anonymous_3)
FN:59,(anonymous_4)
FN:79,(anonymous_5)
FN:95,(anonymous_6)
FNF:7
FNH:1
FNDA:3,(anonymous_0)
FNDA:0,(anonymous_1)
FNDA:0,(anonymous_2)
FNDA:0,(anonymous_3)
FNDA:0,(anonymous_4)
FNDA:0,(anonymous_5)
FNDA:0,(anonymous_6)
DA:10,3
DA:11,3
DA:12,3
DA:13,3
DA:15,0
DA:19,3
DA:26,3
DA:27,0
DA:28,0
DA:29,0
DA:30,0
DA:32,0
DA:34,0
DA:43,3
DA:44,0
DA:45,0
DA:46,0
DA:47,0
DA:48,0
DA:50,0
DA:59,3
DA:60,0
DA:61,0
DA:62,0
DA:63,0
DA:64,0
DA:66,0
DA:68,0
DA:70,0
DA:79,3
DA:80,0
DA:81,0
DA:82,0
DA:83,0
DA:84,0
DA:86,0
DA:95,3
DA:96,0
DA:97,0
DA:98,0
DA:99,0
DA:101,0
LF:42
LH:10
BRF:0
BRH:0
end_of_record
TN:
SF:doc/swagger.js
FNF:0
FNH:0
DA:9,3
DA:122,3
DA:127,3
LF:3
LH:3
BRF:0
BRH:0
end_of_record
TN:
SF:middleware/rol.js
FN:5,(anonymous_0)
FN:5,(anonymous_1)
FN:8,(anonymous_2)
FNF:3
FNH:3
FNDA:6,(anonymous_0)
FNDA:2,(anonymous_1)
FNDA:3,(anonymous_2)
DA:5,6
DA:6,2
DA:7,2
DA:8,3
DA:9,2
DA:10,0
DA:12,2
DA:14,0
LF:8
LH:6
BRDA:9,0,0,0
BRDA:9,0,1,2
BRF:2
BRH:1
end_of_record
TN:
SF:middleware/sesion.js
FN:11,(anonymous_0)
FN:22,(anonymous_1)
FNF:2
FNH:2
FNDA:3,(anonymous_0)
FNDA:5,(anonymous_1)
DA:7,3
DA:11,3
DA:12,3
DA:13,3
DA:14,3
DA:16,0
DA:20,3
DA:22,3
DA:23,5
DA:24,5
DA:25,0
DA:26,0
DA:29,5
DA:30,5
DA:32,5
DA:33,0
DA:36,5
DA:40,5
DA:41,5
DA:43,5
DA:45,0
LF:21
LH:16
BRDA:24,0,0,0
BRDA:24,0,1,5
BRDA:32,1,0,0
BRDA:32,1,1,5
BRF:4
BRH:2
end_of_record
TN:
SF:models/index.js
FN:7,(anonymous_0)
FNF:1
FNH:1
FNDA:18,(anonymous_0)
DA:3,3
DA:5,3
DA:7,3
DA:8,18
DA:9,18
DA:10,18
DA:12,18
LF:7
LH:7
BRDA:5,0,0,3
BRDA:5,0,1,0
BRF:2
BRH:1
end_of_record
TN:
SF:models/nosql/storage.js
FNF:0
FNH:0
DA:4,3
DA:22,3
LF:2
LH:2
BRF:0
BRH:0
end_of_record
TN:
SF:models/nosql/tracks.js
FN:15,(anonymous_0)
FN:53,(anonymous_1)
FN:72,(anonymous_2)
FNF:3
FNH:2
FNDA:0,(anonymous_0)
FNDA:1,(anonymous_1)
FNDA:1,(anonymous_2)
DA:4,3
DA:16,0
DA:53,3
DA:54,1
DA:66,1
DA:72,3
DA:73,1
DA:91,1
DA:94,3
LF:9
LH:8
BRF:0
BRH:0
end_of_record
TN:
SF:models/nosql/users.js
FNF:0
FNH:0
DA:4,3
DA:30,3
LF:2
LH:2
BRF:0
BRH:0
end_of_record
TN:
SF:routes/auth.js
FN:5,(anonymous_0)
FNF:1
FNH:1
FNDA:3,(anonymous_0)
DA:26,3
DA:27,3
LF:2
LH:2
BRF:0
BRH:0
end_of_record
TN:
SF:routes/index.js
FN:14,(anonymous_0)
FN:15,(anonymous_1)
FNF:2
FNH:2
FNDA:3,(anonymous_0)
FNDA:12,(anonymous_1)
DA:7,3
DA:15,3
DA:16,12
LF:3
LH:3
BRF:0
BRH:0
end_of_record
TN:
SF:routes/storages.js
FN:8,(anonymous_0)
FNF:1
FNH:1
FNDA:3,(anonymous_0)
DA:32,3
DA:62,3
DA:95,3
DA:96,3
DA:122,3
LF:5
LH:5
BRF:0
BRH:0
end_of_record
TN:
SF:routes/tracks.js
FN:8,(anonymous_0)
FNF:1
FNH:1
FNDA:3,(anonymous_0)
DA:9,3
DA:10,3
DA:11,3
DA:12,3
DA:13,3
LF:5
LH:5
BRF:0
BRH:0
end_of_record
TN:
SF:routes/users.js
FN:5,(anonymous_0)
FNF:1
FNH:1
FNDA:3,(anonymous_0)
DA:6,3
DA:7,3
DA:8,3
DA:9,3
LF:4
LH:4
BRF:0
BRH:0
end_of_record
TN:
SF:test/helper/helperData.js
FNF:0
FNH:0
DA:3,3
DA:8,3
DA:15,3
DA:23,3
DA:28,3
LF:5
LH:5
BRF:0
BRH:0
end_of_record
TN:
SF:utils/handleError.js
FN:3,(anonymous_0)
FNF:1
FNH:1
FNDA:2,(anonymous_0)
DA:3,3
DA:4,2
DA:5,2
LF:3
LH:3
BRDA:3,0,0,0
BRDA:3,1,0,0
BRF:2
BRH:0
end_of_record
TN:
SF:utils/handleJwt.js
FN:9,(anonymous_0)
FN:23,(anonymous_1)
FNF:2
FNH:2
FNDA:4,(anonymous_0)
FNDA:5,(anonymous_1)
DA:5,3
DA:7,3
DA:9,3
DA:10,4
DA:20,4
DA:23,3
DA:24,5
DA:25,5
DA:27,0
LF:9
LH:8
BRF:0
BRH:0
end_of_record
TN:
SF:utils/handleLogger.js
FN:8,(anonymous_0)
FNF:1
FNH:1
FNDA:8,(anonymous_0)
DA:5,3
DA:7,3
DA:9,8
LF:3
LH:3
BRF:0
BRH:0
end_of_record
TN:
SF:utils/handlePassword.js
FN:5,(anonymous_0)
FN:10,(anonymous_1)
FNF:2
FNH:2
FNDA:1,(anonymous_0)
FNDA:2,(anonymous_1)
DA:5,3
DA:6,1
DA:7,1
DA:10,3
DA:11,2
LF:5
LH:5
BRF:0
BRH:0
end_of_record
TN:
SF:utils/handlePropertiesEngine.js
FN:5,(anonymous_0)
FNF:1
FNH:1
FNDA:6,(anonymous_0)
DA:3,3
DA:5,3
DA:6,6
DA:14,6
LF:4
LH:4
BRF:0
BRH:0
end_of_record
TN:
SF:utils/handleStorage.js
FN:9,(anonymous_0)
FN:13,(anonymous_1)
FNF:2
FNH:2
FNDA:1,(anonymous_0)
FNDA:1,(anonymous_1)
DA:6,3
DA:8,3
DA:10,1
DA:11,1
DA:14,1
DA:15,1
DA:16,1
DA:20,3
LF:8
LH:8
BRF:0
BRH:0
end_of_record
TN:
SF:utils/handleValidator.js
FN:5,(anonymous_0)
FNF:1
FNH:1
FNDA:3,(anonymous_0)
DA:5,3
DA:6,3
DA:7,3
DA:8,3
DA:10,0
DA:11,0
LF:6
LH:4
BRF:0
BRH:0
end_of_record
TN:
SF:utils/logger.js
FNF:0
FNH:0
DA:6,3
LF:1
LH:1
BRF:0
BRH:0
end_of_record
TN:
SF:validators/tracks.js
FN:8,(anonymous_0)
FN:25,(anonymous_1)
FNF:2
FNH:2
FNDA:2,(anonymous_0)
FNDA:1,(anonymous_1)
DA:6,3
DA:9,2
DA:13,3
DA:26,1
LF:4
LH:4
BRF:0
BRH:0
end_of_record
